2026-03-23 13:17:21 - INFO - [Bharathidasan Institute of Management] Open URL, login...
2026-03-23 13:17:28 - INFO - [Bharathidasan Institute of Management] Campaign Detailed View (/campaign/details)…
2026-03-23 13:17:28 - INFO - [Bharathidasan Institute of Management] Sidebar: Campaigns → Detailed View
2026-03-23 13:17:31 - INFO - [Bharathidasan Institute of Management] Clicked Detailed View (accessible name)
2026-03-23 13:17:32 - INFO - [Bharathidasan Institute of Management] Campaign Detailed View UI ready (after sidebar)
2026-03-23 13:17:32 - INFO - [Bharathidasan Institute of Management] Waiting 2500ms after Detailed View for institute list / filters to load…
2026-03-23 13:17:35 - INFO - [Bharathidasan Institute of Management] Fill institute...
2026-03-23 13:17:38 - INFO - [Bharathidasan Institute of Management] Fill source...
2026-03-23 13:17:41 - INFO - [Bharathidasan Institute of Management] Fill date range...
2026-03-23 13:17:48 - INFO - Date range: 01-10-2025 - 23-03-2026
2026-03-23 13:17:50 - INFO - [Bharathidasan Institute of Management] Apply Paid Applications = Yes...
2026-03-23 13:18:00 - INFO - [Bharathidasan Institute of Management] Search...
2026-03-23 13:18:24 - INFO - [Bharathidasan Institute of Management] Page 1: 103 records
2026-03-23 13:18:24 - INFO - [Bharathidasan Institute of Management] Saved 103 records to C:\Users\CollegeDunia\NPF WEB APP\npf-scraper-webapp\DATA_Scraped\23-03-26\Bharathidasan Institute of Management\Bharathidasan Institute of Management_01-10-2025_23-03-2026.csv
2026-03-23 13:40:41 - INFO - [Bharathidasan Institute of Management] Open URL, login...
2026-03-23 13:41:01 - INFO - [Bharathidasan Institute of Management] Campaign Detailed View (/campaign/details)…
2026-03-23 13:41:02 - INFO - [Bharathidasan Institute of Management] Sidebar: Campaigns → Detailed View
2026-03-23 13:41:02 - INFO - [Bharathidasan Institute of Management] Clicked Detailed View (accessible name)
2026-03-23 13:41:04 - INFO - [Bharathidasan Institute of Management] Campaign Detailed View UI ready (after sidebar)
2026-03-23 13:41:04 - INFO - [Bharathidasan Institute of Management] Waiting 2500ms after Detailed View for institute list / filters to load…
2026-03-23 13:41:07 - INFO - [Bharathidasan Institute of Management] Fill institute...
2026-03-23 13:41:08 - INFO - [Bharathidasan Institute of Management] Fill source...
2026-03-23 13:41:10 - INFO - [Bharathidasan Institute of Management] Fill date range...
2026-03-23 13:41:15 - INFO - Date range: 01-10-2025 - 23-03-2026
2026-03-23 13:41:16 - INFO - [Bharathidasan Institute of Management] Apply Paid Applications = Yes...
2026-03-23 13:41:18 - INFO - [Bharathidasan Institute of Management] Search...
2026-03-23 13:41:37 - INFO - [Bharathidasan Institute of Management] Page 1: 103 records
2026-03-23 13:41:37 - INFO - [Bharathidasan Institute of Management] Saved 103 records to C:\Users\CollegeDunia\NPF WEB APP\npf-scraper-webapp\DATA_Scraped\23-03-26\Bharathidasan Institute of Management\Bharathidasan Institute of Management_01-10-2025_23-03-2026.csv
