2026-03-23 12:20:24 - INFO - [BIRLA GLOBAL UNIVERSITY] Open URL, login...
2026-03-23 12:20:31 - INFO - [BIRLA GLOBAL UNIVERSITY] Campaign Detailed View (/campaign/details)…
2026-03-23 12:20:31 - INFO - [BIRLA GLOBAL UNIVERSITY] Sidebar: Campaigns → Detailed View
2026-03-23 12:20:32 - INFO - [BIRLA GLOBAL UNIVERSITY] Clicked Detailed View (accessible name)
2026-03-23 12:20:33 - INFO - [BIRLA GLOBAL UNIVERSITY] Campaign Detailed View UI ready (after sidebar)
2026-03-23 12:20:33 - INFO - [BIRLA GLOBAL UNIVERSITY] Waiting 2500ms after Detailed View for institute list / filters to load…
2026-03-23 12:20:36 - INFO - [BIRLA GLOBAL UNIVERSITY] Fill institute...
2026-03-23 12:20:38 - INFO - [BIRLA GLOBAL UNIVERSITY] Fill source...
2026-03-23 12:20:40 - INFO - [BIRLA GLOBAL UNIVERSITY] Fill date range...
2026-03-23 12:20:42 - INFO - Date range: 01-10-2025 - 23-03-2026
2026-03-23 12:20:42 - INFO - [BIRLA GLOBAL UNIVERSITY] Apply Paid Applications = Yes...
2026-03-23 12:20:44 - INFO - [BIRLA GLOBAL UNIVERSITY] Search...
2026-03-23 12:21:09 - INFO - [BIRLA GLOBAL UNIVERSITY] Page 1: 63 records
2026-03-23 12:21:10 - INFO - [BIRLA GLOBAL UNIVERSITY] Saved 63 records to C:\Users\CollegeDunia\NPF WEB APP\npf-scraper-webapp\DATA_Scraped\23-03-26\BIRLA GLOBAL UNIVERSITY\BIRLA GLOBAL UNIVERSITY_01-10-2025_23-03-2026.csv
2026-03-23 13:42:43 - INFO - [BIRLA GLOBAL UNIVERSITY] Open URL, login...
2026-03-23 13:43:31 - INFO - [BIRLA GLOBAL UNIVERSITY] Campaign Detailed View (/campaign/details)…
2026-03-23 13:43:31 - INFO - [BIRLA GLOBAL UNIVERSITY] Sidebar: Campaigns → Detailed View
2026-03-23 13:43:32 - INFO - [BIRLA GLOBAL UNIVERSITY] Clicked Detailed View (accessible name)
2026-03-23 13:43:34 - INFO - [BIRLA GLOBAL UNIVERSITY] Campaign Detailed View UI ready (after sidebar)
2026-03-23 13:43:34 - INFO - [BIRLA GLOBAL UNIVERSITY] Waiting 2500ms after Detailed View for institute list / filters to load…
2026-03-23 13:43:37 - INFO - [BIRLA GLOBAL UNIVERSITY] Fill institute...
2026-03-23 13:43:39 - INFO - [BIRLA GLOBAL UNIVERSITY] Fill source...
2026-03-23 13:43:40 - INFO - [BIRLA GLOBAL UNIVERSITY] Fill date range...
2026-03-23 13:43:43 - INFO - Date range: 01-10-2025 - 23-03-2026
2026-03-23 13:43:44 - INFO - [BIRLA GLOBAL UNIVERSITY] Apply Paid Applications = Yes...
2026-03-23 13:43:46 - INFO - [BIRLA GLOBAL UNIVERSITY] Search...
2026-03-23 13:44:06 - INFO - [BIRLA GLOBAL UNIVERSITY] Page 1: 63 records
2026-03-23 13:44:07 - INFO - [BIRLA GLOBAL UNIVERSITY] Saved 63 records to C:\Users\CollegeDunia\NPF WEB APP\npf-scraper-webapp\DATA_Scraped\23-03-26\BIRLA GLOBAL UNIVERSITY\BIRLA GLOBAL UNIVERSITY_01-10-2025_23-03-2026.csv
