2026-03-23 13:52:08 - INFO - [Dnyaan Prasad Global University] Open URL, login...
2026-03-23 13:52:29 - INFO - [Dnyaan Prasad Global University] Campaign Detailed View (/campaign/details)…
2026-03-23 13:52:30 - INFO - [Dnyaan Prasad Global University] Sidebar: Campaigns → Detailed View
2026-03-23 13:52:30 - INFO - [Dnyaan Prasad Global University] Clicked Detailed View (accessible name)
2026-03-23 13:52:33 - INFO - [Dnyaan Prasad Global University] Campaign Detailed View UI ready (after sidebar)
2026-03-23 13:52:33 - INFO - [Dnyaan Prasad Global University] Waiting 2500ms after Detailed View for institute list / filters to load…
2026-03-23 13:52:36 - INFO - [Dnyaan Prasad Global University] Fill institute...
2026-03-23 13:52:38 - INFO - [Dnyaan Prasad Global University] Fill source...
2026-03-23 13:52:39 - INFO - [Dnyaan Prasad Global University] Fill date range...
2026-03-23 13:52:51 - INFO - Date range: 01-10-2025 - 23-03-2026
2026-03-23 13:52:51 - INFO - [Dnyaan Prasad Global University] Apply Paid Applications = Yes...
2026-03-23 13:52:53 - INFO - [Dnyaan Prasad Global University] Search...
2026-03-23 13:53:23 - INFO - [Dnyaan Prasad Global University] Page 1: 0 records
2026-03-23 13:53:54 - INFO - [Dnyaan Prasad Global University] Pagination error on page 2: Locator.click: Timeout 30000ms exceeded.
Call log:
  - waiting for locator("a[aria-label='Next']").nth(1)
    - locator resolved to <a _ngcontent-c13="" aria-label="Next" class="page-link" href="javascript:void(0)">…</a>
  - attempting click action
    2 × waiting for element to be visible, enabled and stable
      - element is visible, enabled and stable
      - scrolling into view if needed
      - done scrolling
      - <div _ngcontent-c25="" class="fixed-loader ng-tns-c25-2 ng-star-inserted">…</div> intercepts pointer events
    - retrying click action
    - waiting 20ms
    2 × waiting for element to be visible, enabled and stable
      - element is visible, enabled and stable
      - scrolling into view if needed
      - done scrolling
      - <div _ngcontent-c25="" class="fixed-loader ng-tns-c25-2 ng-star-inserted">…</div> intercepts pointer events
    - retrying click action
      - waiting 100ms
    56 × waiting for element to be visible, enabled and stable
       - element is visible, enabled and stable
       - scrolling into view if needed
       - done scrolling
       - <div _ngcontent-c25="" class="fixed-loader ng-tns-c25-2 ng-star-inserted">…</div> intercepts pointer events
     - retrying click action
       - waiting 500ms

2026-03-23 13:53:54 - INFO - [Dnyaan Prasad Global University] No API data – falling back to DOM scraping
2026-03-23 13:54:02 - INFO - DOM fallback error: Page.wait_for_selector: Timeout 8000ms exceeded.
Call log:
  - waiting for locator("app-leadsdatatable table thead tr th") to be visible

2026-03-23 13:54:02 - INFO - [Dnyaan Prasad Global University] No records captured
