2026-03-23 14:22:44 - INFO - [International School of Management Excellence] Open URL, login...
2026-03-23 14:23:03 - INFO - [International School of Management Excellence] Login retry 1/5: Page.goto: net::ERR_TUNNEL_CONNECTION_FAILED at https://publisher.nopaperforms.com/lead/details
Call log:
  - navigating to "https://publisher.nopaperforms.com/lead/details", waiting until "load"

2026-03-23 14:23:41 - INFO - [International School of Management Excellence] Campaign Detailed View (/campaign/details)…
2026-03-23 14:23:42 - INFO - [International School of Management Excellence] Sidebar: Campaigns → Detailed View
2026-03-23 14:23:42 - INFO - [International School of Management Excellence] Clicked Detailed View (accessible name)
2026-03-23 14:23:44 - INFO - [International School of Management Excellence] Campaign Detailed View UI ready (after sidebar)
2026-03-23 14:23:44 - INFO - [International School of Management Excellence] Waiting 2500ms after Detailed View for institute list / filters to load…
2026-03-23 14:23:47 - INFO - [International School of Management Excellence] Fill institute...
2026-03-23 14:23:49 - INFO - [International School of Management Excellence] Fill source...
2026-03-23 14:23:51 - INFO - [International School of Management Excellence] Fill date range...
2026-03-23 14:23:55 - INFO - Date range: 01-10-2025 - 23-03-2026
2026-03-23 14:23:56 - INFO - [International School of Management Excellence] Apply Paid Applications = Yes...
2026-03-23 14:23:58 - INFO - [International School of Management Excellence] Search...
2026-03-23 14:24:18 - INFO - [International School of Management Excellence] Page 1: 94 records
2026-03-23 14:24:18 - INFO - [International School of Management Excellence] Saved 94 records to C:\Users\CollegeDunia\NPF WEB APP\npf-scraper-webapp\DATA_Scraped\23-03-26\International School of Management Excellence\International School of Management Excellence_01-10-2025_23-03-2026.csv
2026-03-23 14:25:54 - INFO - [INTERNATIONAL SCHOOL OF MANAGEMENT EXCELLENCE] Open URL, login...
2026-03-23 14:26:17 - INFO - [INTERNATIONAL SCHOOL OF MANAGEMENT EXCELLENCE] Campaign Detailed View (/campaign/details)…
2026-03-23 14:26:18 - INFO - [INTERNATIONAL SCHOOL OF MANAGEMENT EXCELLENCE] Sidebar: Campaigns → Detailed View
2026-03-23 14:26:18 - INFO - [INTERNATIONAL SCHOOL OF MANAGEMENT EXCELLENCE] Clicked Detailed View (accessible name)
2026-03-23 14:26:21 - INFO - [INTERNATIONAL SCHOOL OF MANAGEMENT EXCELLENCE] Campaign Detailed View UI ready (after sidebar)
2026-03-23 14:26:21 - INFO - [INTERNATIONAL SCHOOL OF MANAGEMENT EXCELLENCE] Waiting 2500ms after Detailed View for institute list / filters to load…
2026-03-23 14:26:24 - INFO - [INTERNATIONAL SCHOOL OF MANAGEMENT EXCELLENCE] Fill institute...
2026-03-23 14:26:26 - INFO - [INTERNATIONAL SCHOOL OF MANAGEMENT EXCELLENCE] Fill source...
2026-03-23 14:26:28 - INFO - [INTERNATIONAL SCHOOL OF MANAGEMENT EXCELLENCE] Fill date range...
2026-03-23 14:26:30 - INFO - Date range: 01-10-2025 - 23-03-2026
2026-03-23 14:26:31 - INFO - [INTERNATIONAL SCHOOL OF MANAGEMENT EXCELLENCE] Apply Paid Applications = Yes...
2026-03-23 14:26:32 - INFO - [INTERNATIONAL SCHOOL OF MANAGEMENT EXCELLENCE] Search...
2026-03-23 14:26:52 - INFO - [INTERNATIONAL SCHOOL OF MANAGEMENT EXCELLENCE] Page 1: 94 records
2026-03-23 14:26:52 - INFO - [INTERNATIONAL SCHOOL OF MANAGEMENT EXCELLENCE] Saved 94 records to C:\Users\CollegeDunia\NPF WEB APP\npf-scraper-webapp\DATA_Scraped\23-03-26\INTERNATIONAL SCHOOL OF MANAGEMENT EXCELLENCE\INTERNATIONAL SCHOOL OF MANAGEMENT EXCELLENCE_01-10-2025_23-03-2026.csv
