2026-03-23 14:47:46 - INFO - [JBIT Group of Institutions] Open URL, login...
2026-03-23 14:48:17 - INFO - [JBIT Group of Institutions] Login retry 1/5: Page.goto: net::ERR_TIMED_OUT at https://publisher.nopaperforms.com/lead/details
Call log:
  - navigating to "https://publisher.nopaperforms.com/lead/details", waiting until "load"

2026-03-23 14:49:01 - INFO - [JBIT Group of Institutions] Campaign Detailed View (/campaign/details)…
2026-03-23 14:49:01 - INFO - [JBIT Group of Institutions] Sidebar: Campaigns → Detailed View
2026-03-23 14:49:02 - INFO - [JBIT Group of Institutions] Clicked Detailed View (accessible name)
2026-03-23 14:49:06 - INFO - [JBIT Group of Institutions] Campaign Detailed View UI ready (after sidebar)
2026-03-23 14:49:06 - INFO - [JBIT Group of Institutions] Waiting 2500ms after Detailed View for institute list / filters to load…
2026-03-23 14:49:09 - INFO - [JBIT Group of Institutions] Fill institute...
2026-03-23 14:49:11 - INFO - [JBIT Group of Institutions] Fill source...
2026-03-23 14:49:13 - INFO - [JBIT Group of Institutions] Fill date range...
2026-03-23 14:49:19 - INFO - Date range: 01-10-2025 - 23-03-2026
2026-03-23 14:49:20 - INFO - [JBIT Group of Institutions] Apply Paid Applications = Yes...
2026-03-23 14:49:21 - INFO - [JBIT Group of Institutions] Search...
2026-03-23 14:49:35 - INFO - Rows-per-page select not found - using default
2026-03-23 14:50:06 - INFO - [JBIT Group of Institutions] No API data – falling back to DOM scraping
2026-03-23 14:50:14 - INFO - DOM fallback error: Page.wait_for_selector: Timeout 8000ms exceeded.
Call log:
  - waiting for locator("app-leadsdatatable table thead tr th") to be visible

2026-03-23 14:50:14 - INFO - [JBIT Group of Institutions] No records captured
