2026-03-23 15:05:19 - INFO - [Lead College of Management] Open URL, login...
2026-03-23 15:05:52 - INFO - [Lead College of Management] Campaign Detailed View (/campaign/details)…
2026-03-23 15:05:53 - INFO - [Lead College of Management] Sidebar: Campaigns → Detailed View
2026-03-23 15:05:53 - INFO - [Lead College of Management] Clicked Detailed View (accessible name)
2026-03-23 15:05:55 - INFO - [Lead College of Management] Campaign Detailed View UI ready (after sidebar)
2026-03-23 15:05:55 - INFO - [Lead College of Management] Waiting 2500ms after Detailed View for institute list / filters to load…
2026-03-23 15:05:58 - INFO - [Lead College of Management] Fill institute...
2026-03-23 15:06:00 - INFO - [Lead College of Management] Fill source...
2026-03-23 15:06:02 - INFO - [Lead College of Management] Fill date range...
2026-03-23 15:06:06 - INFO - Date range: 01-10-2025 - 23-03-2026
2026-03-23 15:06:07 - INFO - [Lead College of Management] Apply Paid Applications = Yes...
2026-03-23 15:06:08 - INFO - [Lead College of Management] Search...
2026-03-23 15:06:36 - INFO - [Lead College of Management] Page 1: 0 records
2026-03-23 15:07:06 - INFO - [Lead College of Management] Pagination error on page 2: Locator.click: Timeout 30000ms exceeded.
Call log:
  - waiting for locator("a[aria-label='Next']").nth(1)
    - locator resolved to <a _ngcontent-c13="" aria-label="Next" class="page-link" href="javascript:void(0)">…</a>
  - attempting click action
    2 × waiting for element to be visible, enabled and stable
      - element is visible, enabled and stable
      - scrolling into view if needed
      - done scrolling
      - <div _ngcontent-c25="" class="fixed-loader ng-tns-c25-2 ng-star-inserted">…</div> intercepts pointer events
    - retrying click action
    - waiting 20ms
    2 × waiting for element to be visible, enabled and stable
      - element is visible, enabled and stable
      - scrolling into view if needed
      - done scrolling
      - <div _ngcontent-c25="" class="fixed-loader ng-tns-c25-2 ng-star-inserted">…</div> intercepts pointer events
    - retrying click action
      - waiting 100ms
    56 × waiting for element to be visible, enabled and stable
       - element is visible, enabled and stable
       - scrolling into view if needed
       - done scrolling
       - <div _ngcontent-c25="" class="fixed-loader ng-tns-c25-2 ng-star-inserted">…</div> intercepts pointer events
     - retrying click action
       - waiting 500ms

2026-03-23 15:07:06 - INFO - [Lead College of Management] No API data – falling back to DOM scraping
2026-03-23 15:07:14 - INFO - DOM fallback error: Page.wait_for_selector: Timeout 8000ms exceeded.
Call log:
  - waiting for locator("app-leadsdatatable table thead tr th") to be visible

2026-03-23 15:07:14 - INFO - [Lead College of Management] No records captured
