2026-03-23 15:09:58 - INFO - [LISAA SCHOOL OF DESIGN] Open URL, login...
2026-03-23 15:10:12 - INFO - [LISAA SCHOOL OF DESIGN] Campaign Detailed View (/campaign/details)…
2026-03-23 15:10:13 - INFO - [LISAA SCHOOL OF DESIGN] Sidebar: Campaigns → Detailed View
2026-03-23 15:10:33 - INFO - [LISAA SCHOOL OF DESIGN] Sidebar navigation failed (Page.wait_for_selector: Timeout 20000ms exceeded.
Call log:
  - waiting for locator("a.campaignsClass, a.list-group-item.campaignsClass, a[href=\"/campaign/details\"], a[href*=\"/campaign/details\"], .nested-menu") to be visible
)
2026-03-23 15:10:33 - INFO - [LISAA SCHOOL OF DESIGN] Fallback: goto https://publisher.nopaperforms.com/campaign/details
2026-03-23 15:11:23 - INFO - [LISAA SCHOOL OF DESIGN] FAIL: Page.wait_for_selector: Timeout 35000ms exceeded.
Call log:
  - waiting for locator("input[role=\"combobox\"], .ng-input") to be visible

2026-03-23 15:37:52 - INFO - [LISAA SCHOOL OF DESIGN] Open URL, login...
2026-03-23 15:38:09 - INFO - [LISAA SCHOOL OF DESIGN] Campaign Detailed View (/campaign/details)…
2026-03-23 15:38:10 - INFO - [LISAA SCHOOL OF DESIGN] Sidebar: Campaigns → Detailed View
2026-03-23 15:38:10 - INFO - [LISAA SCHOOL OF DESIGN] Clicked Detailed View (accessible name)
2026-03-23 15:38:12 - INFO - [LISAA SCHOOL OF DESIGN] Campaign Detailed View UI ready (after sidebar)
2026-03-23 15:38:12 - INFO - [LISAA SCHOOL OF DESIGN] Waiting 2500ms after Detailed View for institute list / filters to load…
2026-03-23 15:38:15 - INFO - [LISAA SCHOOL OF DESIGN] Fill institute...
2026-03-23 15:38:17 - INFO - [LISAA SCHOOL OF DESIGN] Fill source...
2026-03-23 15:38:19 - INFO - [LISAA SCHOOL OF DESIGN] Fill date range...
2026-03-23 15:38:22 - INFO - Date range: 01-10-2025 - 23-03-2026
2026-03-23 15:38:23 - INFO - [LISAA SCHOOL OF DESIGN] Apply Paid Applications = Yes...
2026-03-23 15:38:25 - INFO - [LISAA SCHOOL OF DESIGN] Search...
2026-03-23 15:38:51 - INFO - [LISAA SCHOOL OF DESIGN] Page 1: 20 records
2026-03-23 15:38:51 - INFO - [LISAA SCHOOL OF DESIGN] Saved 20 records to C:\Users\CollegeDunia\NPF WEB APP\npf-scraper-webapp\DATA_Scraped\23-03-26\LISAA SCHOOL OF DESIGN\LISAA SCHOOL OF DESIGN_01-10-2025_23-03-2026.csv
