2026-03-23 18:30:38 - INFO - ============================================================
2026-03-23 18:30:38 - INFO - Script_Scraper - Nopaperforms Data Scraper
2026-03-23 18:30:38 - INFO - Log file: C:\Users\CollegeDunia\NPF WEB APP\npf-scraper-webapp\logs\script\script_scraper_20260323_183038.log
2026-03-23 18:30:38 - INFO - ============================================================
2026-03-23 18:30:42 - INFO - Playwright Chromium browser is working
2026-03-23 18:30:43 - INFO - NumExpr defaulting to 8 threads.
2026-03-23 18:30:47 - INFO - Step 1: Logging in...
2026-03-23 18:30:54 - INFO - Step 1b: Post-login (skipping Campaign Detailed View)…
2026-03-23 18:30:54 - INFO - Manual web app: skipping ensure_campaign_detailed_view after login
2026-03-23 18:30:54 - INFO - Step 2: Selecting institute and source...
2026-03-23 18:30:56 - INFO - Skipping Instance filter
2026-03-23 18:30:56 - INFO - Skipping advanced filters (none selected)
2026-03-23 18:30:56 - INFO - Skipping sub-filter options (none selected)
2026-03-23 18:30:56 - INFO - Applying date filter...
2026-03-23 18:31:00 - INFO - Date range selected: 22-03-2026 - 23-03-2026
2026-03-23 18:31:05 - INFO - Waiting 5s for page to load...
2026-03-23 18:31:11 - INFO - ✅ Date filter applied successfully
2026-03-23 18:31:12 - INFO - Capturing screenshot...
2026-03-23 18:31:12 - INFO - ✅ Screenshot saved to C:\Users\CollegeDunia\NPF WEB APP\npf-scraper-webapp\data\runtime\manual_jobs\e192785d-c798-4ad4-aa1f-ef7f68ea7e87\screenshot.png
2026-03-23 18:31:13 - INFO - [32mmanual_scrape[39;49;00m: [34mJob OK[39;49;00m (e192785d-c798-4ad4-aa1f-ef7f68ea7e87)
2026-03-23 18:31:13 - INFO - Result is kept for 500 seconds
2026-03-23 18:44:43 - INFO - Cleaning registries for queue: manual_scrape
2026-03-23 18:58:13 - INFO - Cleaning registries for queue: manual_scrape
