2026-03-24 15:26:35 - INFO - ============================================================
2026-03-24 15:26:35 - INFO - Script_Scraper - Nopaperforms Data Scraper
2026-03-24 15:26:35 - INFO - Log file: C:\Users\CollegeDunia\NPF WEB APP\npf-scraper-webapp\logs\script\script_scraper_20260324_152635.log
2026-03-24 15:26:35 - INFO - ============================================================
2026-03-24 15:26:38 - INFO - Playwright Chromium browser is working
2026-03-24 15:26:41 - INFO - Step 1: Logging in...
2026-03-24 15:26:51 - INFO - Step 1b: Post-login (skipping Campaign Detailed View)…
2026-03-24 15:26:51 - INFO - Manual web app: skipping ensure_campaign_detailed_view after login
2026-03-24 15:26:51 - INFO - Step 2: Selecting institute and source...
2026-03-24 15:27:21 - ERROR - Script failed: Locator.click: Timeout 30000ms exceeded.
Call log:
  - waiting for locator(".ng-input").first
Traceback (most recent call last):
  File "C:\Users\CollegeDunia\NPF WEB APP\npf-scraper-webapp\scrapers\script_scraper.py", line 2031, in run_scraping
    selected = await _select_institute_option(page, params["institute"])
               ^^^^^^^^^^^^^^^^^^^^^^^^^^^^^^^^^^^^^^^^^^^^^^^^^^^^^^^^^
  File "C:\Users\CollegeDunia\NPF WEB APP\npf-scraper-webapp\scrapers\script_scraper.py", line 382, in _select_institute_option
    await page.locator(".ng-input").first.click()
  File "C:\Users\CollegeDunia\anaconda3\envs\webapp\Lib\site-packages\playwright\async_api\_generated.py", line 15603, in click
    await self._impl_obj.click(
    ...<10 lines>...
    )
  File "C:\Users\CollegeDunia\anaconda3\envs\webapp\Lib\site-packages\playwright\_impl\_locator.py", line 162, in click
    return await self._frame._click(self._selector, strict=True, **params)
           ^^^^^^^^^^^^^^^^^^^^^^^^^^^^^^^^^^^^^^^^^^^^^^^^^^^^^^^^^^^^^^^
  File "C:\Users\CollegeDunia\anaconda3\envs\webapp\Lib\site-packages\playwright\_impl\_frame.py", line 566, in _click
    await self._channel.send("click", self._timeout, locals_to_params(locals()))
  File "C:\Users\CollegeDunia\anaconda3\envs\webapp\Lib\site-packages\playwright\_impl\_connection.py", line 69, in send
    return await self._connection.wrap_api_call(
           ^^^^^^^^^^^^^^^^^^^^^^^^^^^^^^^^^^^^^
    ...<3 lines>...
    )
    ^
  File "C:\Users\CollegeDunia\anaconda3\envs\webapp\Lib\site-packages\playwright\_impl\_connection.py", line 559, in wrap_api_call
    raise rewrite_error(error, f"{parsed_st['apiName']}: {error}") from None
playwright._impl._errors.TimeoutError: Locator.click: Timeout 30000ms exceeded.
Call log:
  - waiting for locator(".ng-input").first

2026-03-24 15:27:21 - INFO - ❌ Script failed: Locator.click: Timeout 30000ms exceeded.
Call log:
  - waiting for locator(".ng-input").first

2026-03-24 15:27:22 - INFO - Step 1: Logging in...
2026-03-24 15:27:26 - INFO - Step 1b: Post-login (skipping Campaign Detailed View)…
2026-03-24 15:27:26 - INFO - Manual web app: skipping ensure_campaign_detailed_view after login
2026-03-24 15:27:26 - INFO - Step 2: Selecting institute and source...
2026-03-24 15:27:26 - INFO - Skipping Instance filter
2026-03-24 15:27:26 - INFO - Applying 1 advanced filter(s)...
2026-03-24 15:27:29 - INFO - ✅ Applied 1 advanced filter(s)
2026-03-24 15:27:29 - INFO - Applying sub-filter options...
2026-03-24 15:27:31 - INFO - ✅ Applied sub-filter options
2026-03-24 15:27:31 - INFO - Applying date filter...
2026-03-24 15:27:35 - INFO - Date range selected: 23-03-2026 - 24-03-2026
2026-03-24 15:27:41 - INFO - ✅ Date filter applied successfully
2026-03-24 15:27:42 - INFO - Step 3: Configuring columns (Select All)...
2026-03-24 15:28:39 - INFO - Step 4: Setting rows per page & capturing API...
2026-03-24 15:28:39 - ERROR - Script failed: Page.evaluate: TypeError: Cannot set properties of undefined (setting 'value')
    at eval (eval at evaluate (:290:30), <anonymous>:8:32)
    at eval (<anonymous>)
    at UtilityScript.evaluate (<anonymous>:290:30)
    at UtilityScript.<anonymous> (<anonymous>:1:44)
Traceback (most recent call last):
  File "C:\Users\CollegeDunia\NPF WEB APP\npf-scraper-webapp\scrapers\script_scraper.py", line 2330, in run_scraping
    await page.evaluate(f"""
    ...<9 lines>...
    """)
  File "C:\Users\CollegeDunia\anaconda3\envs\webapp\Lib\site-packages\playwright\async_api\_generated.py", line 8567, in evaluate
    await self._impl_obj.evaluate(
        expression=expression, arg=mapping.to_impl(arg)
    )
  File "C:\Users\CollegeDunia\anaconda3\envs\webapp\Lib\site-packages\playwright\_impl\_page.py", line 464, in evaluate
    return await self._main_frame.evaluate(expression, arg)
           ^^^^^^^^^^^^^^^^^^^^^^^^^^^^^^^^^^^^^^^^^^^^^^^^
  File "C:\Users\CollegeDunia\anaconda3\envs\webapp\Lib\site-packages\playwright\_impl\_frame.py", line 320, in evaluate
    await self._channel.send(
    ...<6 lines>...
    )
  File "C:\Users\CollegeDunia\anaconda3\envs\webapp\Lib\site-packages\playwright\_impl\_connection.py", line 69, in send
    return await self._connection.wrap_api_call(
           ^^^^^^^^^^^^^^^^^^^^^^^^^^^^^^^^^^^^^
    ...<3 lines>...
    )
    ^
  File "C:\Users\CollegeDunia\anaconda3\envs\webapp\Lib\site-packages\playwright\_impl\_connection.py", line 559, in wrap_api_call
    raise rewrite_error(error, f"{parsed_st['apiName']}: {error}") from None
playwright._impl._errors.Error: Page.evaluate: TypeError: Cannot set properties of undefined (setting 'value')
    at eval (eval at evaluate (:290:30), <anonymous>:8:32)
    at eval (<anonymous>)
    at UtilityScript.evaluate (<anonymous>:290:30)
    at UtilityScript.<anonymous> (<anonymous>:1:44)
2026-03-24 15:28:39 - INFO - ❌ Script failed: Page.evaluate: TypeError: Cannot set properties of undefined (setting 'value')
    at eval (eval at evaluate (:290:30), <anonymous>:8:32)
    at eval (<anonymous>)
    at UtilityScript.evaluate (<anonymous>:290:30)
    at UtilityScript.<anonymous> (<anonymous>:1:44)
2026-03-24 15:28:39 - INFO - ❌ Error: Page.evaluate: TypeError: Cannot set properties of undefined (setting 'value')
    at eval (eval at evaluate (:290:30), <anonymous>:8:32)
    at eval (<anonymous>)
    at UtilityScript.evaluate (<anonymous>:290:30)
    at UtilityScript.<anonymous> (<anonymous>:1:44)
2026-03-24 15:28:39 - ERROR - Manual scrape job failed
Traceback (most recent call last):
  File "C:\Users\CollegeDunia\NPF WEB APP\npf-scraper-webapp\scrapers\manual_scrape_worker.py", line 187, in run_manual_scrape_worker
    out_path = run_headless(
        wp,
    ...<5 lines>...
        out_flags=out_flags,
    )
  File "C:\Users\CollegeDunia\NPF WEB APP\npf-scraper-webapp\scrapers\script_scraper.py", line 2709, in run_headless
    asyncio.run(_runner())
    ~~~~~~~~~~~^^^^^^^^^^^
  File "C:\Users\CollegeDunia\anaconda3\envs\webapp\Lib\asyncio\runners.py", line 195, in run
    return runner.run(main)
           ~~~~~~~~~~^^^^^^
  File "C:\Users\CollegeDunia\anaconda3\envs\webapp\Lib\asyncio\runners.py", line 118, in run
    return self._loop.run_until_complete(task)
           ~~~~~~~~~~~~~~~~~~~~~~~~~~~~~^^^^^^
  File "C:\Users\CollegeDunia\anaconda3\envs\webapp\Lib\asyncio\base_events.py", line 725, in run_until_complete
    return future.result()
           ~~~~~~~~~~~~~^^
  File "C:\Users\CollegeDunia\NPF WEB APP\npf-scraper-webapp\scrapers\script_scraper.py", line 2705, in _runner
    await asyncio.wait_for(coro, timeout=float(job_timeout_sec))
  File "C:\Users\CollegeDunia\anaconda3\envs\webapp\Lib\asyncio\tasks.py", line 507, in wait_for
    return await fut
           ^^^^^^^^^
  File "C:\Users\CollegeDunia\NPF WEB APP\npf-scraper-webapp\scrapers\script_scraper.py", line 1506, in async_scraper
    await self.run_scraping(playwright, params)
  File "C:\Users\CollegeDunia\NPF WEB APP\npf-scraper-webapp\scrapers\script_scraper.py", line 2330, in run_scraping
    await page.evaluate(f"""
    ...<9 lines>...
    """)
  File "C:\Users\CollegeDunia\anaconda3\envs\webapp\Lib\site-packages\playwright\async_api\_generated.py", line 8567, in evaluate
    await self._impl_obj.evaluate(
        expression=expression, arg=mapping.to_impl(arg)
    )
  File "C:\Users\CollegeDunia\anaconda3\envs\webapp\Lib\site-packages\playwright\_impl\_page.py", line 464, in evaluate
    return await self._main_frame.evaluate(expression, arg)
           ^^^^^^^^^^^^^^^^^^^^^^^^^^^^^^^^^^^^^^^^^^^^^^^^
  File "C:\Users\CollegeDunia\anaconda3\envs\webapp\Lib\site-packages\playwright\_impl\_frame.py", line 320, in evaluate
    await self._channel.send(
    ...<6 lines>...
    )
  File "C:\Users\CollegeDunia\anaconda3\envs\webapp\Lib\site-packages\playwright\_impl\_connection.py", line 69, in send
    return await self._connection.wrap_api_call(
           ^^^^^^^^^^^^^^^^^^^^^^^^^^^^^^^^^^^^^
    ...<3 lines>...
    )
    ^
  File "C:\Users\CollegeDunia\anaconda3\envs\webapp\Lib\site-packages\playwright\_impl\_connection.py", line 559, in wrap_api_call
    raise rewrite_error(error, f"{parsed_st['apiName']}: {error}") from None
playwright._impl._errors.Error: Page.evaluate: TypeError: Cannot set properties of undefined (setting 'value')
    at eval (eval at evaluate (:290:30), <anonymous>:8:32)
    at eval (<anonymous>)
    at UtilityScript.evaluate (<anonymous>:290:30)
    at UtilityScript.<anonymous> (<anonymous>:1:44)
2026-03-24 15:28:39 - INFO - [32mmanual_scrape[39;49;00m: [34mJob OK[39;49;00m (1af1a1ac-7758-4e26-9456-61f3c15b1cbe)
2026-03-24 15:28:39 - INFO - Result is kept for 500 seconds
2026-03-24 15:35:24 - INFO - Cleaning registries for queue: manual_scrape
