2026-03-24 15:26:38 - INFO - ============================================================
2026-03-24 15:26:38 - INFO - Script_Scraper - Nopaperforms Data Scraper
2026-03-24 15:26:38 - INFO - Log file: C:\Users\CollegeDunia\NPF WEB APP\npf-scraper-webapp\logs\script\script_scraper_20260324_152638.log
2026-03-24 15:26:38 - INFO - ============================================================
2026-03-24 15:26:39 - INFO - Playwright Chromium browser is working
2026-03-24 15:26:42 - INFO - Step 1: Logging in...
2026-03-24 15:26:49 - INFO - Step 1b: Post-login (skipping Campaign Detailed View)…
2026-03-24 15:26:49 - INFO - Manual web app: skipping ensure_campaign_detailed_view after login
2026-03-24 15:26:49 - INFO - Step 2: Selecting institute and source...
2026-03-24 15:27:19 - ERROR - Script failed: Locator.click: Timeout 30000ms exceeded.
Call log:
  - waiting for locator(".ng-input").first
Traceback (most recent call last):
  File "C:\Users\CollegeDunia\NPF WEB APP\npf-scraper-webapp\scrapers\script_scraper.py", line 2031, in run_scraping
    selected = await _select_institute_option(page, params["institute"])
               ^^^^^^^^^^^^^^^^^^^^^^^^^^^^^^^^^^^^^^^^^^^^^^^^^^^^^^^^^
  File "C:\Users\CollegeDunia\NPF WEB APP\npf-scraper-webapp\scrapers\script_scraper.py", line 382, in _select_institute_option
    await page.locator(".ng-input").first.click()
  File "C:\Users\CollegeDunia\anaconda3\envs\webapp\Lib\site-packages\playwright\async_api\_generated.py", line 15603, in click
    await self._impl_obj.click(
    ...<10 lines>...
    )
  File "C:\Users\CollegeDunia\anaconda3\envs\webapp\Lib\site-packages\playwright\_impl\_locator.py", line 162, in click
    return await self._frame._click(self._selector, strict=True, **params)
           ^^^^^^^^^^^^^^^^^^^^^^^^^^^^^^^^^^^^^^^^^^^^^^^^^^^^^^^^^^^^^^^
  File "C:\Users\CollegeDunia\anaconda3\envs\webapp\Lib\site-packages\playwright\_impl\_frame.py", line 566, in _click
    await self._channel.send("click", self._timeout, locals_to_params(locals()))
  File "C:\Users\CollegeDunia\anaconda3\envs\webapp\Lib\site-packages\playwright\_impl\_connection.py", line 69, in send
    return await self._connection.wrap_api_call(
           ^^^^^^^^^^^^^^^^^^^^^^^^^^^^^^^^^^^^^
    ...<3 lines>...
    )
    ^
  File "C:\Users\CollegeDunia\anaconda3\envs\webapp\Lib\site-packages\playwright\_impl\_connection.py", line 559, in wrap_api_call
    raise rewrite_error(error, f"{parsed_st['apiName']}: {error}") from None
playwright._impl._errors.TimeoutError: Locator.click: Timeout 30000ms exceeded.
Call log:
  - waiting for locator(".ng-input").first

2026-03-24 15:27:19 - INFO - ❌ Script failed: Locator.click: Timeout 30000ms exceeded.
Call log:
  - waiting for locator(".ng-input").first

2026-03-24 15:27:20 - INFO - Step 1: Logging in...
2026-03-24 15:27:23 - INFO - Step 1b: Post-login (skipping Campaign Detailed View)…
2026-03-24 15:27:23 - INFO - Manual web app: skipping ensure_campaign_detailed_view after login
2026-03-24 15:27:23 - INFO - Step 2: Selecting institute and source...
2026-03-24 15:27:24 - INFO - Skipping Instance filter
2026-03-24 15:27:24 - INFO - Skipping advanced filters (none selected)
2026-03-24 15:27:24 - INFO - Skipping sub-filter options (none selected)
2026-03-24 15:27:24 - INFO - Applying date filter...
2026-03-24 15:27:28 - INFO - Date range selected: 23-03-2026 - 24-03-2026
2026-03-24 15:27:33 - INFO - Waiting 5s for page to load...
2026-03-24 15:27:39 - INFO - ✅ Date filter applied successfully
2026-03-24 15:27:40 - INFO - Capturing screenshot...
2026-03-24 15:27:40 - INFO - ✅ Screenshot saved to C:\Users\CollegeDunia\NPF WEB APP\npf-scraper-webapp\data\runtime\manual_jobs\d0878d3a-13a8-4798-804f-c28740083b8e\screenshot.png
2026-03-24 15:27:41 - INFO - [32mmanual_scrape[39;49;00m: [34mJob OK[39;49;00m (d0878d3a-13a8-4798-804f-c28740083b8e)
2026-03-24 15:27:41 - INFO - Result is kept for 500 seconds
2026-03-24 15:29:05 - INFO - [32mmanual_scrape[39;49;00m: [34mscrapers.manual_scrape_worker.run_manual_scrape_worker('08adfcd7-9549-4be7-baee-1da68dee035a', {'login_url': 'https://publisher.nopaperforms.com/lead/details', 'email': '...)[39;49;00m (08adfcd7-9549-4be7-baee-1da68dee035a)
2026-03-24 15:29:06 - INFO - Step 1: Logging in...
2026-03-24 15:29:17 - INFO - Step 1b: Post-login (skipping Campaign Detailed View)…
2026-03-24 15:29:17 - INFO - Manual web app: skipping ensure_campaign_detailed_view after login
2026-03-24 15:29:17 - INFO - Step 2: Selecting institute and source...
2026-03-24 15:29:18 - INFO - Skipping Instance filter
2026-03-24 15:29:18 - INFO - Skipping advanced filters (none selected)
2026-03-24 15:29:18 - INFO - Skipping sub-filter options (none selected)
2026-03-24 15:29:18 - INFO - Applying date filter...
2026-03-24 15:29:22 - INFO - Date range selected: 23-03-2026 - 24-03-2026
2026-03-24 15:29:26 - INFO - ✅ Date filter applied successfully
2026-03-24 15:29:27 - INFO - Step 3: Configuring columns (Select All)...
2026-03-24 15:29:33 - INFO - Captured 10 headers from table: ['Name', 'Email', 'Mobile', 'Lead Origin', 'Country']...
2026-03-24 15:29:33 - INFO - Step 4: Setting rows per page & capturing API...
2026-03-24 15:29:36 - INFO - 📡 Captured API: https://services.nopaperforms.com/publishers/v1/getLeadDetailsSummary...
2026-03-24 15:29:36 - INFO - 📡 Captured API: https://services.nopaperforms.com/publishers/v1/getLeadDetailsViewList/...
2026-03-24 15:29:38 - INFO - 📡 Captured API: https://services.nopaperforms.com/publishers/v1/getLeadDetailsSummary...
2026-03-24 15:29:38 - INFO - 📡 Captured API: https://services.nopaperforms.com/publishers/v1/getLeadDetailsViewList/...
2026-03-24 15:29:42 - INFO - Page 1: 5000 records (API)
2026-03-24 15:29:43 - INFO - Step 5: Paginating and capturing API data...
2026-03-24 15:29:44 - INFO - 📄 Fetching Page 2 (API)...
2026-03-24 15:30:03 - INFO - 📡 Captured API: https://services.nopaperforms.com/publishers/v1/getLeadDetailsSummary...
2026-03-24 15:30:03 - INFO - 📡 Captured API: https://services.nopaperforms.com/publishers/v1/getLeadDetailsViewList/...
2026-03-24 15:30:15 - INFO - Page 2: 5000 records (API)
2026-03-24 15:30:16 - INFO - 📄 Fetching Page 3 (API)...
2026-03-24 15:30:22 - INFO - 📡 Captured API: https://services.nopaperforms.com/publishers/v1/getLeadDetailsSummary...
2026-03-24 15:30:22 - INFO - 📡 Captured API: https://services.nopaperforms.com/publishers/v1/getLeadDetailsViewList/...
2026-03-24 15:30:38 - INFO - Page 3: 5000 records (API)
2026-03-24 15:30:39 - INFO - 📄 Fetching Page 4 (API)...
2026-03-24 15:30:43 - INFO - 📡 Captured API: https://services.nopaperforms.com/publishers/v1/getLeadDetailsSummary...
2026-03-24 15:30:43 - INFO - 📡 Captured API: https://services.nopaperforms.com/publishers/v1/getLeadDetailsViewList/...
2026-03-24 15:30:50 - INFO - Page 4: 1811 records (API)
2026-03-24 15:30:50 - INFO - ✅ Last page detected from API.
2026-03-24 15:30:51 - INFO - ✅ Collected 16811 records. Writing CSV...
2026-03-24 15:30:51 - INFO - Using 23 headers from API
2026-03-24 15:30:53 - INFO - Dropped phone/mobile columns: ['Mobile', 'Mobile Verification Status']
2026-03-24 15:30:53 - INFO - ✅ Saved to C:\Users\CollegeDunia\NPF WEB APP\npf-scraper-webapp\data\runtime\manual_jobs\08adfcd7-9549-4be7-baee-1da68dee035a\output.csv
2026-03-24 15:30:53 - INFO - Scrape complete: 16811 records saved to C:\Users\CollegeDunia\NPF WEB APP\npf-scraper-webapp\data\runtime\manual_jobs\08adfcd7-9549-4be7-baee-1da68dee035a\output.csv
2026-03-24 15:30:53 - INFO - [32mmanual_scrape[39;49;00m: [34mJob OK[39;49;00m (08adfcd7-9549-4be7-baee-1da68dee035a)
2026-03-24 15:30:53 - INFO - Result is kept for 500 seconds
2026-03-24 15:37:39 - INFO - Cleaning registries for queue: manual_scrape
