2026-03-23 18:19:21 - INFO - ============================================================
2026-03-23 18:19:21 - INFO - Script_Scraper - Nopaperforms Data Scraper
2026-03-23 18:19:21 - INFO - Log file: C:\Users\CollegeDunia\NPF WEB APP\npf-scraper-webapp\logs\script\script_scraper_20260323_181921.log
2026-03-23 18:19:21 - INFO - ============================================================
2026-03-23 18:19:26 - INFO - Playwright Chromium browser is working
2026-03-23 18:19:27 - INFO - NumExpr defaulting to 8 threads.
2026-03-23 18:19:34 - INFO - Step 1: Logging in...
2026-03-23 18:19:41 - INFO - Step 1b: Post-login (skipping Campaign Detailed View)…
2026-03-23 18:19:41 - INFO - Manual web app: skipping ensure_campaign_detailed_view after login
2026-03-23 18:19:41 - INFO - Step 2: Selecting institute and source...
2026-03-23 18:19:43 - INFO - Skipping Instance filter
2026-03-23 18:19:43 - INFO - Skipping advanced filters (none selected)
2026-03-23 18:19:43 - INFO - Skipping sub-filter options (none selected)
2026-03-23 18:19:43 - INFO - Applying date filter...
2026-03-23 18:19:48 - INFO - Date range selected: 22-03-2026 - 23-03-2026
2026-03-23 18:19:57 - INFO - Waiting 5s for page to load...
2026-03-23 18:20:03 - INFO - ✅ Date filter applied successfully
2026-03-23 18:20:04 - INFO - Capturing screenshot...
2026-03-23 18:20:05 - INFO - ✅ Screenshot saved to C:\Users\CollegeDunia\NPF WEB APP\npf-scraper-webapp\data\runtime\manual_jobs\512993a5-1422-49c9-ac0d-cd3da91e4f78\screenshot.png
2026-03-23 18:20:05 - INFO - [32mmanual_scrape[39;49;00m: [34mJob OK[39;49;00m (512993a5-1422-49c9-ac0d-cd3da91e4f78)
2026-03-23 18:20:05 - INFO - Result is kept for 500 seconds
2026-03-23 18:22:22 - INFO - [32mmanual_scrape[39;49;00m: [34mscrapers.manual_scrape_worker.run_manual_scrape_worker('8b69e138-7b32-407c-884d-e2b61928d01a', {'login_url': 'https://publisher.nopaperforms.com/lead/details', 'email': '...)[39;49;00m (8b69e138-7b32-407c-884d-e2b61928d01a)
2026-03-23 18:22:23 - INFO - Step 1: Logging in...
2026-03-23 18:22:30 - INFO - Step 1b: Post-login (skipping Campaign Detailed View)…
2026-03-23 18:22:30 - INFO - Manual web app: skipping ensure_campaign_detailed_view after login
2026-03-23 18:22:30 - INFO - Step 2: Selecting institute and source...
2026-03-23 18:22:32 - INFO - Skipping Instance filter
2026-03-23 18:22:32 - INFO - Skipping advanced filters (none selected)
2026-03-23 18:22:32 - INFO - Skipping sub-filter options (none selected)
2026-03-23 18:22:32 - INFO - Applying date filter...
2026-03-23 18:22:36 - INFO - Date range selected: 22-03-2026 - 23-03-2026
2026-03-23 18:22:40 - INFO - ✅ Date filter applied successfully
2026-03-23 18:22:41 - INFO - Step 3: Configuring columns (Select All)...
2026-03-23 18:22:47 - INFO - Captured 10 headers from table: ['Name', 'Email', 'Mobile', 'Lead Origin', 'Country']...
2026-03-23 18:22:47 - INFO - Step 4: Setting rows per page & capturing API...
2026-03-23 18:22:50 - INFO - 📡 Captured API: https://services.nopaperforms.com/publishers/v1/getLeadDetailsSummary...
2026-03-23 18:22:50 - INFO - 📡 Captured API: https://services.nopaperforms.com/publishers/v1/getLeadDetailsViewList/...
2026-03-23 18:22:53 - INFO - 📡 Captured API: https://services.nopaperforms.com/publishers/v1/getLeadDetailsSummary...
2026-03-23 18:22:53 - INFO - 📡 Captured API: https://services.nopaperforms.com/publishers/v1/getLeadDetailsViewList/...
2026-03-23 18:23:04 - INFO - Page 1: 3958 records (API)
2026-03-23 18:23:06 - INFO - Step 5: Paginating and capturing API data...
2026-03-23 18:23:11 - INFO - ✅ Reached last page
2026-03-23 18:23:11 - INFO - ✅ Collected 3958 records. Writing CSV...
2026-03-23 18:23:11 - INFO - Using 34 headers from API
2026-03-23 18:23:12 - INFO - Dropped phone/mobile columns: ['Mobile', 'Mobile Verification Status']
2026-03-23 18:23:13 - INFO - ✅ Saved to C:\Users\CollegeDunia\NPF WEB APP\npf-scraper-webapp\data\runtime\manual_jobs\8b69e138-7b32-407c-884d-e2b61928d01a\output.csv
2026-03-23 18:23:13 - INFO - Scrape complete: 3958 records saved to C:\Users\CollegeDunia\NPF WEB APP\npf-scraper-webapp\data\runtime\manual_jobs\8b69e138-7b32-407c-884d-e2b61928d01a\output.csv
2026-03-23 18:23:16 - INFO - [32mmanual_scrape[39;49;00m: [34mJob OK[39;49;00m (8b69e138-7b32-407c-884d-e2b61928d01a)
2026-03-23 18:23:16 - INFO - Result is kept for 500 seconds
2026-03-23 18:25:35 - INFO - [32mmanual_scrape[39;49;00m: [34mscrapers.manual_scrape_worker.run_manual_scrape_worker('213969b3-f8ad-434b-a208-d01bbf209e0f', {'login_url': 'https://publisher.nopaperforms.com/lead/details', 'email': '...)[39;49;00m (213969b3-f8ad-434b-a208-d01bbf209e0f)
2026-03-23 18:25:36 - INFO - Step 1: Logging in...
2026-03-23 18:25:42 - INFO - Step 1b: Post-login (skipping Campaign Detailed View)…
2026-03-23 18:25:42 - INFO - Manual web app: skipping ensure_campaign_detailed_view after login
2026-03-23 18:25:42 - INFO - Step 2: Selecting institute and source...
2026-03-23 18:25:43 - INFO - Skipping Instance filter
2026-03-23 18:25:43 - INFO - Applying 1 advanced filter(s)...
2026-03-23 18:25:46 - INFO - ✅ Applied 1 advanced filter(s)
2026-03-23 18:25:46 - INFO - Applying sub-filter options...
2026-03-23 18:25:47 - INFO - ✅ Applied sub-filter options
2026-03-23 18:25:47 - INFO - Applying date filter...
2026-03-23 18:25:52 - INFO - Date range selected: 22-03-2026 - 23-03-2026
2026-03-23 18:25:58 - INFO - Waiting 5s for page to load...
2026-03-23 18:26:04 - INFO - ✅ Date filter applied successfully
2026-03-23 18:26:05 - INFO - Capturing screenshot...
2026-03-23 18:26:06 - INFO - ✅ Screenshot saved to C:\Users\CollegeDunia\NPF WEB APP\npf-scraper-webapp\data\runtime\manual_jobs\213969b3-f8ad-434b-a208-d01bbf209e0f\screenshot.png
2026-03-23 18:26:06 - INFO - [32mmanual_scrape[39;49;00m: [34mJob OK[39;49;00m (213969b3-f8ad-434b-a208-d01bbf209e0f)
2026-03-23 18:26:06 - INFO - Result is kept for 500 seconds
