2026-03-23 18:19:20 - INFO - ============================================================
2026-03-23 18:19:20 - INFO - Script_Scraper - Nopaperforms Data Scraper
2026-03-23 18:19:20 - INFO - Log file: C:\Users\CollegeDunia\NPF WEB APP\npf-scraper-webapp\logs\script\script_scraper_20260323_181920.log
2026-03-23 18:19:20 - INFO - ============================================================
2026-03-23 18:19:23 - INFO - Playwright Chromium browser is working
2026-03-23 18:19:25 - INFO - NumExpr defaulting to 8 threads.
2026-03-23 18:19:31 - INFO - Step 1: Logging in...
2026-03-23 18:19:39 - INFO - Step 1b: Post-login (skipping Campaign Detailed View)…
2026-03-23 18:19:39 - INFO - Manual web app: skipping ensure_campaign_detailed_view after login
2026-03-23 18:19:39 - INFO - Step 2: Selecting institute and source...
2026-03-23 18:19:40 - INFO - Skipping Instance filter
2026-03-23 18:19:40 - INFO - Skipping advanced filters (none selected)
2026-03-23 18:19:40 - INFO - Skipping sub-filter options (none selected)
2026-03-23 18:19:40 - INFO - Applying date filter...
2026-03-23 18:19:46 - INFO - Date range selected: 22-03-2026 - 23-03-2026
2026-03-23 18:19:52 - INFO - Waiting 5s for page to load...
2026-03-23 18:19:58 - INFO - ✅ Date filter applied successfully
2026-03-23 18:19:59 - INFO - Capturing screenshot...
2026-03-23 18:20:01 - INFO - ✅ Screenshot saved to C:\Users\CollegeDunia\NPF WEB APP\npf-scraper-webapp\data\runtime\manual_jobs\a270c255-9a70-402a-baa6-30f1920ae680\screenshot.png
2026-03-23 18:20:02 - INFO - [32mmanual_scrape[39;49;00m: [34mJob OK[39;49;00m (a270c255-9a70-402a-baa6-30f1920ae680)
2026-03-23 18:20:02 - INFO - Result is kept for 500 seconds
2026-03-23 18:20:44 - INFO - [32mmanual_scrape[39;49;00m: [34mscrapers.manual_scrape_worker.run_manual_scrape_worker('28376870-1c57-4fc5-8e1a-b625a88f75ba', {'login_url': 'https://publisher.nopaperforms.com/lead/details', 'email': '...)[39;49;00m (28376870-1c57-4fc5-8e1a-b625a88f75ba)
2026-03-23 18:20:46 - INFO - Step 1: Logging in...
2026-03-23 18:20:55 - INFO - Step 1b: Post-login (skipping Campaign Detailed View)…
2026-03-23 18:20:55 - INFO - Manual web app: skipping ensure_campaign_detailed_view after login
2026-03-23 18:20:55 - INFO - Step 2: Selecting institute and source...
2026-03-23 18:20:57 - INFO - Skipping Instance filter
2026-03-23 18:20:57 - INFO - Skipping advanced filters (none selected)
2026-03-23 18:20:57 - INFO - Skipping sub-filter options (none selected)
2026-03-23 18:20:57 - INFO - Applying date filter...
2026-03-23 18:21:01 - INFO - Date range selected: 22-03-2026 - 23-03-2026
2026-03-23 18:21:07 - INFO - Waiting 5s for page to load...
2026-03-23 18:21:13 - INFO - ✅ Date filter applied successfully
2026-03-23 18:21:14 - INFO - Capturing screenshot...
2026-03-23 18:21:15 - INFO - ✅ Screenshot saved to C:\Users\CollegeDunia\NPF WEB APP\npf-scraper-webapp\data\runtime\manual_jobs\28376870-1c57-4fc5-8e1a-b625a88f75ba\screenshot.png
2026-03-23 18:21:15 - INFO - [32mmanual_scrape[39;49;00m: [34mJob OK[39;49;00m (28376870-1c57-4fc5-8e1a-b625a88f75ba)
2026-03-23 18:21:15 - INFO - Result is kept for 500 seconds
2026-03-23 18:23:05 - INFO - [32mmanual_scrape[39;49;00m: [34mscrapers.manual_scrape_worker.run_manual_scrape_worker('64d603d7-d0e0-4358-b38b-f921131b2edc', {'login_url': 'https://publisher.nopaperforms.com/lead/details', 'email': '...)[39;49;00m (64d603d7-d0e0-4358-b38b-f921131b2edc)
2026-03-23 18:23:11 - INFO - Step 1: Logging in...
2026-03-23 18:23:18 - INFO - Step 1b: Post-login (skipping Campaign Detailed View)…
2026-03-23 18:23:18 - INFO - Manual web app: skipping ensure_campaign_detailed_view after login
2026-03-23 18:23:18 - INFO - Step 2: Selecting institute and source...
2026-03-23 18:23:19 - INFO - Skipping Instance filter
2026-03-23 18:23:19 - INFO - Skipping advanced filters (none selected)
2026-03-23 18:23:19 - INFO - Skipping sub-filter options (none selected)
2026-03-23 18:23:19 - INFO - Applying date filter...
2026-03-23 18:23:24 - INFO - Date range selected: 22-03-2026 - 23-03-2026
2026-03-23 18:23:32 - INFO - ✅ Date filter applied successfully
2026-03-23 18:23:33 - INFO - Step 3: Configuring columns (Select All)...
2026-03-23 18:23:43 - INFO - Captured 10 headers from table: ['Name', 'Email', 'Mobile', 'Lead Origin', 'Country']...
2026-03-23 18:23:43 - INFO - Step 4: Setting rows per page & capturing API...
2026-03-23 18:23:47 - INFO - 📡 Captured API: https://services.nopaperforms.com/publishers/v1/getLeadDetailsSummary...
2026-03-23 18:23:47 - INFO - 📡 Captured API: https://services.nopaperforms.com/publishers/v1/getLeadDetailsViewList/...
2026-03-23 18:23:52 - INFO - 📡 Captured API: https://services.nopaperforms.com/publishers/v1/getLeadDetailsSummary...
2026-03-23 18:23:52 - INFO - 📡 Captured API: https://services.nopaperforms.com/publishers/v1/getLeadDetailsViewList/...
2026-03-23 18:24:07 - INFO - Page 1: 5000 records (API)
2026-03-23 18:24:09 - INFO - Step 5: Paginating and capturing API data...
2026-03-23 18:24:10 - INFO - 📄 Fetching Page 2 (API)...
2026-03-23 18:24:25 - INFO - 📡 Captured API: https://services.nopaperforms.com/publishers/v1/getLeadDetailsSummary...
2026-03-23 18:24:25 - INFO - 📡 Captured API: https://services.nopaperforms.com/publishers/v1/getLeadDetailsViewList/...
2026-03-23 18:24:28 - INFO - Page 2: 295 records (API)
2026-03-23 18:24:28 - INFO - ✅ Last page detected from API.
2026-03-23 18:24:28 - INFO - ✅ Collected 5295 records. Writing CSV...
2026-03-23 18:24:28 - INFO - Using 23 headers from API
2026-03-23 18:24:28 - INFO - Dropped phone/mobile columns: ['Mobile', 'Mobile Verification Status']
2026-03-23 18:24:28 - INFO - ✅ Saved to C:\Users\CollegeDunia\NPF WEB APP\npf-scraper-webapp\data\runtime\manual_jobs\64d603d7-d0e0-4358-b38b-f921131b2edc\output.csv
2026-03-23 18:24:28 - INFO - Scrape complete: 5295 records saved to C:\Users\CollegeDunia\NPF WEB APP\npf-scraper-webapp\data\runtime\manual_jobs\64d603d7-d0e0-4358-b38b-f921131b2edc\output.csv
2026-03-23 18:24:29 - INFO - [32mmanual_scrape[39;49;00m: [34mJob OK[39;49;00m (64d603d7-d0e0-4358-b38b-f921131b2edc)
2026-03-23 18:24:29 - INFO - Result is kept for 500 seconds
2026-03-23 18:26:24 - INFO - [32mmanual_scrape[39;49;00m: [34mscrapers.manual_scrape_worker.run_manual_scrape_worker('51ce2f1c-f5a0-4961-ae59-5b894b1dc37e', {'login_url': 'https://publisher.nopaperforms.com/lead/details', 'email': '...)[39;49;00m (51ce2f1c-f5a0-4961-ae59-5b894b1dc37e)
2026-03-23 18:26:25 - INFO - Step 1: Logging in...
2026-03-23 18:26:29 - INFO - Step 1b: Post-login (skipping Campaign Detailed View)…
2026-03-23 18:26:29 - INFO - Manual web app: skipping ensure_campaign_detailed_view after login
2026-03-23 18:26:29 - INFO - Step 2: Selecting institute and source...
2026-03-23 18:26:30 - INFO - Skipping Instance filter
2026-03-23 18:26:30 - INFO - Applying 1 advanced filter(s)...
2026-03-23 18:26:33 - INFO - ✅ Applied 1 advanced filter(s)
2026-03-23 18:26:33 - INFO - Applying sub-filter options...
2026-03-23 18:26:34 - INFO - ✅ Applied sub-filter options
2026-03-23 18:26:34 - INFO - Applying date filter...
2026-03-23 18:26:38 - INFO - Date range selected: 22-03-2026 - 23-03-2026
2026-03-23 18:26:44 - INFO - Waiting 5s for page to load...
2026-03-23 18:26:49 - INFO - ✅ Date filter applied successfully
2026-03-23 18:26:50 - INFO - Capturing screenshot...
2026-03-23 18:26:51 - INFO - ✅ Screenshot saved to C:\Users\CollegeDunia\NPF WEB APP\npf-scraper-webapp\data\runtime\manual_jobs\51ce2f1c-f5a0-4961-ae59-5b894b1dc37e\screenshot.png
2026-03-23 18:26:51 - INFO - [32mmanual_scrape[39;49;00m: [34mJob OK[39;49;00m (51ce2f1c-f5a0-4961-ae59-5b894b1dc37e)
2026-03-23 18:26:51 - INFO - Result is kept for 500 seconds
