2026-03-23 17:57:02 - INFO - ============================================================
2026-03-23 17:57:02 - INFO - Script_Scraper - Nopaperforms Data Scraper
2026-03-23 17:57:02 - INFO - Log file: C:\Users\CollegeDunia\NPF WEB APP\npf-scraper-webapp\logs\script\script_scraper_20260323_175702.log
2026-03-23 17:57:02 - INFO - ============================================================
2026-03-23 17:57:06 - INFO - Playwright Chromium browser is working
2026-03-23 17:57:08 - INFO - NumExpr defaulting to 8 threads.
2026-03-23 17:57:13 - INFO - Step 1: Logging in...
2026-03-23 17:57:22 - INFO - Step 1b: Post-login (skipping Campaign Detailed View)…
2026-03-23 17:57:22 - INFO - Manual web app: skipping ensure_campaign_detailed_view after login
2026-03-23 17:57:22 - INFO - Step 2: Selecting institute and source...
2026-03-23 17:57:23 - INFO - Skipping Instance filter
2026-03-23 17:57:23 - INFO - Skipping advanced filters (none selected)
2026-03-23 17:57:23 - INFO - Skipping sub-filter options (none selected)
2026-03-23 17:57:23 - INFO - Applying date filter...
2026-03-23 17:57:37 - INFO - Date range selected: 22-03-2026 - 23-03-2026
2026-03-23 17:57:42 - INFO - Waiting 5s for page to load...
2026-03-23 17:57:48 - INFO - ✅ Date filter applied successfully
2026-03-23 17:57:49 - INFO - Page not ready – neither 'No Record Found' nor 'Total ... Primary Leads' detected
2026-03-23 17:57:50 - INFO - [32mmanual_scrape[39;49;00m: [34mJob OK[39;49;00m (390e2d23-e051-4ae4-835d-fcbc5574c972)
2026-03-23 17:57:50 - INFO - Result is kept for 500 seconds
2026-03-23 17:59:07 - INFO - [32mmanual_scrape[39;49;00m: [34mscrapers.manual_scrape_worker.run_manual_scrape_worker('d055af7c-52f0-44d5-a10f-c07eae1c85b4', {'login_url': 'https://publisher.nopaperforms.com/lead/details', 'email': '...)[39;49;00m (d055af7c-52f0-44d5-a10f-c07eae1c85b4)
2026-03-23 17:59:10 - INFO - Step 1: Logging in...
2026-03-23 17:59:17 - INFO - Step 1b: Post-login (skipping Campaign Detailed View)…
2026-03-23 17:59:17 - INFO - Manual web app: skipping ensure_campaign_detailed_view after login
2026-03-23 17:59:17 - INFO - Step 2: Selecting institute and source...
2026-03-23 17:59:19 - INFO - Skipping Instance filter
2026-03-23 17:59:19 - INFO - Skipping advanced filters (none selected)
2026-03-23 17:59:19 - INFO - Skipping sub-filter options (none selected)
2026-03-23 17:59:19 - INFO - Applying date filter...
2026-03-23 17:59:23 - INFO - Date range selected: 22-03-2026 - 23-03-2026
2026-03-23 17:59:30 - INFO - Waiting 5s for page to load...
2026-03-23 17:59:36 - INFO - ✅ Date filter applied successfully
2026-03-23 17:59:36 - INFO - Page not ready – neither 'No Record Found' nor 'Total ... Primary Leads' detected
2026-03-23 17:59:37 - INFO - [32mmanual_scrape[39;49;00m: [34mJob OK[39;49;00m (d055af7c-52f0-44d5-a10f-c07eae1c85b4)
2026-03-23 17:59:37 - INFO - Result is kept for 500 seconds
