2026-03-23 18:32:26 - INFO - ============================================================
2026-03-23 18:32:26 - INFO - Script_Scraper - Nopaperforms Data Scraper
2026-03-23 18:32:26 - INFO - Log file: C:\Users\CollegeDunia\NPF WEB APP\npf-scraper-webapp\logs\script\script_scraper_20260323_183226.log
2026-03-23 18:32:26 - INFO - ============================================================
2026-03-23 18:32:28 - INFO - Playwright Chromium browser is working
2026-03-23 18:32:29 - INFO - NumExpr defaulting to 8 threads.
2026-03-23 18:32:31 - INFO - Step 1: Logging in...
2026-03-23 18:32:35 - INFO - Step 1b: Post-login (skipping Campaign Detailed View)…
2026-03-23 18:32:35 - INFO - Manual web app: skipping ensure_campaign_detailed_view after login
2026-03-23 18:32:35 - INFO - Step 2: Selecting institute and source...
2026-03-23 18:32:36 - INFO - Skipping Instance filter
2026-03-23 18:32:36 - INFO - Applying 1 advanced filter(s)...
2026-03-23 18:32:39 - INFO - ✅ Applied 1 advanced filter(s)
2026-03-23 18:32:39 - INFO - Applying sub-filter options...
2026-03-23 18:32:40 - INFO - ✅ Applied sub-filter options
2026-03-23 18:32:40 - INFO - Applying date filter...
2026-03-23 18:32:44 - INFO - Date range selected: 22-03-2026 - 23-03-2026
2026-03-23 18:32:47 - INFO - Waiting 5s for page to load...
2026-03-23 18:32:53 - INFO - ✅ Date filter applied successfully
2026-03-23 18:32:54 - INFO - Capturing screenshot...
2026-03-23 18:32:54 - INFO - ✅ Screenshot saved to C:\Users\CollegeDunia\NPF WEB APP\npf-scraper-webapp\data\runtime\manual_jobs\24ec9a42-5ddc-4d84-bb14-520642002610\screenshot.png
2026-03-23 18:32:55 - INFO - [32mmanual_scrape[39;49;00m: [34mJob OK[39;49;00m (24ec9a42-5ddc-4d84-bb14-520642002610)
2026-03-23 18:32:55 - INFO - Result is kept for 500 seconds
2026-03-23 18:46:25 - INFO - Cleaning registries for queue: manual_scrape
2026-03-23 18:59:55 - INFO - Cleaning registries for queue: manual_scrape
2026-03-23 19:13:26 - INFO - Cleaning registries for queue: manual_scrape
2026-03-23 19:26:56 - INFO - Cleaning registries for queue: manual_scrape
2026-03-23 19:40:26 - INFO - Cleaning registries for queue: manual_scrape
2026-03-23 19:53:57 - INFO - Cleaning registries for queue: manual_scrape
2026-03-23 20:07:27 - INFO - Cleaning registries for queue: manual_scrape
2026-03-23 20:20:57 - INFO - Cleaning registries for queue: manual_scrape
